Detecting compiler hash for triplet x64-mingw-dynamic...
Compiler found: C:/Dev-Cpp/TDM-GCC-64/bin/x86_64-w64-mingw32-g++.exe
The following packages will be built and installed:
    box2d:x64-mingw-dynamic@3.1.1
  * brotli:x64-mingw-dynamic@1.1.0#1
  * bzip2[core,tool]:x64-mingw-dynamic@1.0.8#6
  * freetype[brotli,bzip2,core,png,zlib]:x64-mingw-dynamic@2.13.3
  * libogg:x64-mingw-dynamic@1.3.6#1
  * libpng:x64-mingw-dynamic@1.6.50
  * libvorbis:x64-mingw-dynamic@1.3.7#4
    nlohmann-json:x64-mingw-dynamic@3.12.0#1
    sdl2:x64-mingw-dynamic@2.32.10
    sdl2-image:x64-mingw-dynamic@2.8.8#2
    sdl2-mixer[core,wavpack]:x64-mingw-dynamic@2.8.1#2
    sdl2-ttf:x64-mingw-dynamic@2.24.0
    tinyxml2:x64-mingw-dynamic@11.0.0
  * vcpkg-cmake:x64-mingw-dynamic@2024-04-23
  * vcpkg-cmake-config:x64-mingw-dynamic@2024-05-23
  * wavpack:x64-mingw-dynamic@5.8.1#2
    yaml-cpp:x64-mingw-dynamic@0.8.0#3
  * zlib:x64-mingw-dynamic@1.3.1
Additional packages (*) will be modified to complete this operation.
Restored 18 package(s) from C:\Users\panti\AppData\Local\vcpkg\archives in 286 ms. Use --debug to see more details.
Installing 1/18 vcpkg-cmake-config:x64-mingw-dynamic@2024-05-23...
Elapsed time to handle vcpkg-cmake-config:x64-mingw-dynamic: 4.96 ms
vcpkg-cmake-config:x64-mingw-dynamic package ABI: caabee38325458417c7d187d606bb50ca543285fff05fdffa420b3db60493ec7
Installing 2/18 vcpkg-cmake:x64-mingw-dynamic@2024-04-23...
Elapsed time to handle vcpkg-cmake:x64-mingw-dynamic: 5.01 ms
vcpkg-cmake:x64-mingw-dynamic package ABI: 45f7a5ccae59332bbeee661c3c9eac3651f65ce2a124b6423f21b06185ff3bb0
Installing 3/18 box2d:x64-mingw-dynamic@3.1.1...
Elapsed time to handle box2d:x64-mingw-dynamic: 10.9 ms
box2d:x64-mingw-dynamic package ABI: 3a81dd4ba5ef332d8794346f403bf396e790899bf074fc1c39471a61e300815b
Installing 4/18 nlohmann-json:x64-mingw-dynamic@3.12.0#1...
Elapsed time to handle nlohmann-json:x64-mingw-dynamic: 18.7 ms
nlohmann-json:x64-mingw-dynamic package ABI: 599c7694e6db5a6730fa6acbe34304e0c763b558590648c5898db7a3c7d376cd
Installing 5/18 sdl2:x64-mingw-dynamic@2.32.10...
Elapsed time to handle sdl2:x64-mingw-dynamic: 26.5 ms
sdl2:x64-mingw-dynamic package ABI: e9d054fae0137d8838cebe8d01eb5cbe1ad165571be975cbddcef703d7095cb9
Installing 6/18 zlib:x64-mingw-dynamic@1.3.1...
Elapsed time to handle zlib:x64-mingw-dynamic: 7.09 ms
zlib:x64-mingw-dynamic package ABI: 44bc6e1d475da77c419865d3a071f15b0fdcd89a4eed2328c1d92fb034501aaa
Installing 7/18 libpng:x64-mingw-dynamic@1.6.50...
Elapsed time to handle libpng:x64-mingw-dynamic: 13 ms
libpng:x64-mingw-dynamic package ABI: 0339633a02672ef8f54ae048475ef61891d839f1db11107e1914a6e03556ce86
Installing 8/18 sdl2-image:x64-mingw-dynamic@2.8.8#2...
Elapsed time to handle sdl2-image:x64-mingw-dynamic: 9.62 ms
sdl2-image:x64-mingw-dynamic package ABI: 3760e505f451816e2d346553bdc6e883952bcda2043545a996f1bc1c57e1f3af
Installing 9/18 wavpack:x64-mingw-dynamic@5.8.1#2...
Elapsed time to handle wavpack:x64-mingw-dynamic: 8.72 ms
wavpack:x64-mingw-dynamic package ABI: c95fe0074a3ce7b03acadb5cc55d58bedd44da82b1715ee78a20cf69051d8603
Installing 10/18 libogg:x64-mingw-dynamic@1.3.6#1...
Elapsed time to handle libogg:x64-mingw-dynamic: 11.2 ms
libogg:x64-mingw-dynamic package ABI: 3cabc80929ad49c03003bfffa6d2cfb098edcdf65b08c0d203cdf88fe81e9699
Installing 11/18 libvorbis:x64-mingw-dynamic@1.3.7#4...
Elapsed time to handle libvorbis:x64-mingw-dynamic: 12.6 ms
libvorbis:x64-mingw-dynamic package ABI: e7a44e0a2d9268eec88166f7afea4596fa60ae7509572f9e084594eae540cdef
Installing 12/18 sdl2-mixer[core,wavpack]:x64-mingw-dynamic@2.8.1#2...
Elapsed time to handle sdl2-mixer:x64-mingw-dynamic: 11.5 ms
sdl2-mixer:x64-mingw-dynamic package ABI: 507207a94fadc9c7fb3f777cd75f945edfaac8c800325bfd997c82d47a9aa092
Installing 13/18 bzip2[core,tool]:x64-mingw-dynamic@1.0.8#6...
Elapsed time to handle bzip2:x64-mingw-dynamic: 9.4 ms
bzip2:x64-mingw-dynamic package ABI: 2cf55f8ee4faae06ccc4bedda3ab4c42719a5baf67f9b94e413d44beffe9448a
Installing 14/18 brotli:x64-mingw-dynamic@1.1.0#1...
Elapsed time to handle brotli:x64-mingw-dynamic: 15.1 ms
brotli:x64-mingw-dynamic package ABI: b36dd93e800c6b165cd4ee74b7e6e898c7b7677d28e22761c2d771a130ca0d74
Installing 15/18 freetype[brotli,bzip2,core,png,zlib]:x64-mingw-dynamic@2.13.3...
Elapsed time to handle freetype:x64-mingw-dynamic: 24.9 ms
freetype:x64-mingw-dynamic package ABI: 55994a37e0fc34be72f16263eedf18406b1be1ad684e5a47c1c7fc387583cba6
Installing 16/18 sdl2-ttf:x64-mingw-dynamic@2.24.0...
Elapsed time to handle sdl2-ttf:x64-mingw-dynamic: 8.8 ms
sdl2-ttf:x64-mingw-dynamic package ABI: acbd4f06c1b55063b42e6453c9b028ac0cc351e1034b6f837fc1556b30892260
Installing 17/18 tinyxml2:x64-mingw-dynamic@11.0.0...
Elapsed time to handle tinyxml2:x64-mingw-dynamic: 8.77 ms
tinyxml2:x64-mingw-dynamic package ABI: 6f7b21e31263efc20b2fdfe5c361a889cc28aa145910a990c332d23a6808c88b
Installing 18/18 yaml-cpp:x64-mingw-dynamic@0.8.0#3...
Elapsed time to handle yaml-cpp:x64-mingw-dynamic: 17.6 ms
yaml-cpp:x64-mingw-dynamic package ABI: 4e651fb7046a04a9961fae477bf90b11e18c5542700eb344c720e3252a4b181a
Installed contents are licensed to you by owners. Microsoft is not responsible for, nor does it grant any licenses to, third-party packages.
Some packages did not declare an SPDX license. Check the `copyright` file for each package for more information about their licensing.
Packages installed in this vcpkg installation declare the following licenses:
(FTL OR GPL-2.0-or-later)
BSD-3-Clause
MIT
Zlib
bzip2-1.0.6
libpng-2.0
box2d provides CMake targets:

  find_package(box2d CONFIG REQUIRED)
  target_link_libraries(main PRIVATE box2d::box2d)

The package nlohmann-json provides CMake targets:

    find_package(nlohmann_json CONFIG REQUIRED)
    target_link_libraries(main PRIVATE nlohmann_json::nlohmann_json)

The package nlohmann-json can be configured to not provide implicit conversions via a custom triplet file:

    set(nlohmann-json_IMPLICIT_CONVERSIONS OFF)

For more information, see the docs here:
    
    https://json.nlohmann.me/api/macros/json_use_implicit_conversions/

sdl2 provides CMake targets:

    find_package(SDL2 CONFIG REQUIRED)
    target_link_libraries(main
        PRIVATE
        $<TARGET_NAME_IF_EXISTS:SDL2::SDL2main>
        $<IF:$<TARGET_EXISTS:SDL2::SDL2>,SDL2::SDL2,SDL2::SDL2-static>
    )

sdl2-image provides CMake targets:

    find_package(SDL2_image CONFIG REQUIRED)
    target_link_libraries(main PRIVATE $<IF:$<TARGET_EXISTS:SDL2_image::SDL2_image>,SDL2_image::SDL2_image,SDL2_image::SDL2_image-static>)

sdl2-mixer provides CMake targets:

    find_package(SDL2_mixer CONFIG REQUIRED)
    target_link_libraries(main PRIVATE $<IF:$<TARGET_EXISTS:SDL2_mixer::SDL2_mixer>,SDL2_mixer::SDL2_mixer,SDL2_mixer::SDL2_mixer-static>)

sdl2-ttf provides CMake targets:

    find_package(SDL2_ttf CONFIG REQUIRED)
    target_link_libraries(main PRIVATE $<IF:$<TARGET_EXISTS:SDL2_ttf::SDL2_ttf>,SDL2_ttf::SDL2_ttf,SDL2_ttf::SDL2_ttf-static>)

tinyxml2 provides CMake targets:

  # this is heuristically generated, and may not be correct
  find_package(tinyxml2 CONFIG REQUIRED)
  target_link_libraries(main PRIVATE tinyxml2::tinyxml2)

tinyxml2 provides pkg-config modules:

  # simple, small, C++ XML parser
  tinyxml2

yaml-cpp provides CMake targets:

  # this is heuristically generated, and may not be correct
  find_package(yaml-cpp CONFIG REQUIRED)
  target_link_libraries(main PRIVATE yaml-cpp::yaml-cpp)

yaml-cpp provides pkg-config modules:

  # A YAML parser and emitter for C++
  yaml-cpp

All requested installations completed successfully in: 235 ms
